<?xml version="1.0" encoding="UTF-8"?>
<!-- Generated by org.testng.reporters.JUnitReportReporter -->
<testsuite hostname="VivekanandYG" name="Tests.TestNGPrgtwo" tests="1" failures="0" timestamp="17 Jun 2016 15:24:10 GMT" time="11.287" errors="0">
  <testcase name="SecondPage" time="11.287" classname="Tests.TestNGPrgtwo"/>
</testsuite> <!-- Tests.TestNGPrgtwo -->
