<?xml version="1.0" encoding="UTF-8"?>
<!-- Generated by org.testng.reporters.JUnitReportReporter -->
<testsuite hostname="VivekanandYG" name="Tests.TestNGPrgone" tests="1" failures="0" timestamp="17 Jun 2016 15:24:10 GMT" time="13.875" errors="0">
  <testcase name="FirstPage" time="13.875" classname="Tests.TestNGPrgone"/>
</testsuite> <!-- Tests.TestNGPrgone -->
