<?xml version="1.0" encoding="UTF-8"?>
<!-- Generated by org.testng.reporters.JUnitReportReporter -->
<testsuite hostname="VivekanandYG" name="Tests.TestNGPrgthree" tests="1" failures="0" timestamp="17 Jun 2016 15:24:10 GMT" time="120.188" errors="0">
  <testcase name="ThirdPage" time="120.188" classname="Tests.TestNGPrgthree"/>
</testsuite> <!-- Tests.TestNGPrgthree -->
